0 info it worked if it ends with ok
1 verbose cli [ '/usr/local/bin/node',
1 verbose cli   '/usr/local/bin/npm',
1 verbose cli   'install',
1 verbose cli   '--save',
1 verbose cli   'ng-image-input-with-preview' ]
2 info using npm@3.10.9
3 info using node@v7.2.0
4 silly loadCurrentTree Starting
5 silly install loadCurrentTree
6 silly install readLocalPackageData
7 silly fetchPackageMetaData ng-image-input-with-preview
8 silly fetchNamedPackageData ng-image-input-with-preview
9 silly mapToRegistry name ng-image-input-with-preview
10 silly mapToRegistry using default registry
11 silly mapToRegistry registry https://registry.npmjs.org/
12 silly mapToRegistry data Result {
12 silly mapToRegistry   raw: 'ng-image-input-with-preview',
12 silly mapToRegistry   scope: null,
12 silly mapToRegistry   escapedName: 'ng-image-input-with-preview',
12 silly mapToRegistry   name: 'ng-image-input-with-preview',
12 silly mapToRegistry   rawSpec: '',
12 silly mapToRegistry   spec: 'latest',
12 silly mapToRegistry   type: 'tag' }
13 silly mapToRegistry uri https://registry.npmjs.org/ng-image-input-with-preview
14 verbose request uri https://registry.npmjs.org/ng-image-input-with-preview
15 verbose request no auth needed
16 info attempt registry request try #1 at 8:44:29 AM
17 verbose request id 015886b1b8a8c31e
18 verbose etag W/"550f1c30-26c2"
19 verbose lastModified Sun, 22 Mar 2015 19:46:56 GMT
20 http request GET https://registry.npmjs.org/ng-image-input-with-preview
21 http 304 https://registry.npmjs.org/ng-image-input-with-preview
22 verbose headers { date: 'Wed, 19 Jul 2017 12:44:29 GMT',
22 verbose headers   via: '1.1 varnish',
22 verbose headers   'cache-control': 'max-age=300',
22 verbose headers   etag: 'W/"550f1c30-26c2"',
22 verbose headers   age: '54',
22 verbose headers   connection: 'keep-alive',
22 verbose headers   'x-served-by': 'cache-ord1745-ORD',
22 verbose headers   'x-cache': 'HIT',
22 verbose headers   'x-cache-hits': '1',
22 verbose headers   'x-timer': 'S1500468269.390567,VS0,VE0',
22 verbose headers   vary: 'Accept-Encoding, Accept' }
23 silly get cb [ 304,
23 silly get   { date: 'Wed, 19 Jul 2017 12:44:29 GMT',
23 silly get     via: '1.1 varnish',
23 silly get     'cache-control': 'max-age=300',
23 silly get     etag: 'W/"550f1c30-26c2"',
23 silly get     age: '54',
23 silly get     connection: 'keep-alive',
23 silly get     'x-served-by': 'cache-ord1745-ORD',
23 silly get     'x-cache': 'HIT',
23 silly get     'x-cache-hits': '1',
23 silly get     'x-timer': 'S1500468269.390567,VS0,VE0',
23 silly get     vary: 'Accept-Encoding, Accept' } ]
24 verbose etag https://registry.npmjs.org/ng-image-input-with-preview from cache
25 verbose get saving ng-image-input-with-preview to /Users/liudicia/.npm/registry.npmjs.org/ng-image-input-with-preview/.cache.json
26 verbose correctMkdir /Users/liudicia/.npm correctMkdir not in flight; initializing
27 silly install normalizeTree
28 silly loadCurrentTree Finishing
29 silly loadIdealTree Starting
30 silly install loadIdealTree
31 silly cloneCurrentTree Starting
32 silly install cloneCurrentTreeToIdealTree
33 silly cloneCurrentTree Finishing
34 silly loadShrinkwrap Starting
35 silly install loadShrinkwrap
36 silly loadShrinkwrap Finishing
37 silly loadAllDepsIntoIdealTree Starting
38 silly install loadAllDepsIntoIdealTree
39 silly resolveWithNewModule ng-image-input-with-preview@0.0.5 checking installable status
40 silly cache add args [ 'ng-image-input-with-preview', null ]
41 verbose cache add spec ng-image-input-with-preview
42 silly cache add parsed spec Result {
42 silly cache add   raw: 'ng-image-input-with-preview',
42 silly cache add   scope: null,
42 silly cache add   escapedName: 'ng-image-input-with-preview',
42 silly cache add   name: 'ng-image-input-with-preview',
42 silly cache add   rawSpec: '',
42 silly cache add   spec: 'latest',
42 silly cache add   type: 'tag' }
43 silly addNamed ng-image-input-with-preview@latest
44 verbose addNamed "latest" is being treated as a dist-tag for ng-image-input-with-preview
45 info addNameTag [ 'ng-image-input-with-preview', 'latest' ]
46 silly mapToRegistry name ng-image-input-with-preview
47 silly mapToRegistry using default registry
48 silly mapToRegistry registry https://registry.npmjs.org/
49 silly mapToRegistry data Result {
49 silly mapToRegistry   raw: 'ng-image-input-with-preview',
49 silly mapToRegistry   scope: null,
49 silly mapToRegistry   escapedName: 'ng-image-input-with-preview',
49 silly mapToRegistry   name: 'ng-image-input-with-preview',
49 silly mapToRegistry   rawSpec: '',
49 silly mapToRegistry   spec: 'latest',
49 silly mapToRegistry   type: 'tag' }
50 silly mapToRegistry uri https://registry.npmjs.org/ng-image-input-with-preview
51 verbose addNameTag registry:https://registry.npmjs.org/ng-image-input-with-preview not in flight; fetching
52 verbose get https://registry.npmjs.org/ng-image-input-with-preview not expired, no request
53 silly addNameTag next cb for ng-image-input-with-preview with tag latest
54 silly addNamed ng-image-input-with-preview@0.0.5
55 verbose addNamed "0.0.5" is a plain semver version for ng-image-input-with-preview
56 silly cache afterAdd ng-image-input-with-preview@0.0.5
57 verbose afterAdd /Users/liudicia/.npm/ng-image-input-with-preview/0.0.5/package/package.json not in flight; writing
58 verbose correctMkdir /Users/liudicia/.npm correctMkdir not in flight; initializing
59 verbose afterAdd /Users/liudicia/.npm/ng-image-input-with-preview/0.0.5/package/package.json written
60 silly loadAllDepsIntoIdealTree Finishing
61 silly loadIdealTree Finishing
62 silly currentTree beerblog
63 silly idealTree beerblog
63 silly idealTree └── ng-image-input-with-preview@0.0.5
64 silly generateActionsToTake Starting
65 silly install generateActionsToTake
66 silly generateActionsToTake Finishing
67 silly diffTrees action count 1
68 silly diffTrees add ng-image-input-with-preview@0.0.5
69 silly decomposeActions action count 8
70 silly decomposeActions fetch ng-image-input-with-preview@0.0.5
71 silly decomposeActions extract ng-image-input-with-preview@0.0.5
72 silly decomposeActions test ng-image-input-with-preview@0.0.5
73 silly decomposeActions preinstall ng-image-input-with-preview@0.0.5
74 silly decomposeActions build ng-image-input-with-preview@0.0.5
75 silly decomposeActions install ng-image-input-with-preview@0.0.5
76 silly decomposeActions postinstall ng-image-input-with-preview@0.0.5
77 silly decomposeActions finalize ng-image-input-with-preview@0.0.5
78 silly runTopLevelLifecycles Starting
79 silly executeActions Starting
80 silly install executeActions
81 silly doSerial global-install 0
82 silly doParallel fetch 1
83 verbose correctMkdir /Users/liudicia/.npm/_locks correctMkdir not in flight; initializing
84 verbose lock using /Users/liudicia/.npm/_locks/staging-0f15f93858b0edc4.lock for /Users/liudicia/Documents/beerblog/node_modules/.staging
85 silly doParallel extract 1
86 silly extract ng-image-input-with-preview@0.0.5
87 verbose unbuild node_modules/.staging/ng-image-input-with-preview-e555ba25
88 silly gentlyRm /Users/liudicia/Documents/beerblog/node_modules/.staging/ng-image-input-with-preview-e555ba25 is being purged from base /Users/liudicia/Documents/beerblog
89 verbose gentlyRm don't care about contents; nuking /Users/liudicia/Documents/beerblog/node_modules/.staging/ng-image-input-with-preview-e555ba25
90 verbose tar unpack /Users/liudicia/.npm/ng-image-input-with-preview/0.0.5/package.tgz
91 verbose tar unpacking to /Users/liudicia/Documents/beerblog/node_modules/.staging/ng-image-input-with-preview-e555ba25
92 silly gentlyRm /Users/liudicia/Documents/beerblog/node_modules/.staging/ng-image-input-with-preview-e555ba25 is being purged
93 verbose gentlyRm don't care about contents; nuking /Users/liudicia/Documents/beerblog/node_modules/.staging/ng-image-input-with-preview-e555ba25
94 silly gunzTarPerm modes [ '755', '644' ]
95 silly gunzTarPerm extractEntry package.json
96 silly gunzTarPerm extractEntry .npmignore
97 silly gunzTarPerm extractEntry README.md
98 silly gunzTarPerm extractEntry LICENSE
99 silly gunzTarPerm extractEntry Gruntfile.js
100 silly gunzTarPerm extractEntry .jshintrc
101 silly gunzTarPerm extractEntry bower.json
102 silly gunzTarPerm extractEntry .travis.yml
103 silly gunzTarPerm extractEntry demo/app.js
104 silly gunzTarPerm extractEntry demo/index.html
105 silly gunzTarPerm extractEntry demo/style.less
106 silly gunzTarPerm extractEntry dist/ng-image-input-with-preview.js
107 silly gunzTarPerm extractEntry dist/ng-image-input-with-preview.min.js
108 silly gunzTarPerm extractEntry dist/ng-image-input-with-preview.css
109 silly gunzTarPerm extractEntry dist/ng-image-input-with-preview.min.css
110 silly gunzTarPerm extractEntry tasks/files.js
111 silly gunzTarPerm extractEntry tasks/helpers.js
112 silly gunzTarPerm extractEntry tasks/options/bump.js
113 silly gunzTarPerm extractEntry tasks/options/coveralls.js
114 silly gunzTarPerm extractEntry tasks/options/jshint.js
115 silly gunzTarPerm extractEntry tasks/options/karma.js
116 silly gunzTarPerm extractEntry tasks/options/connect.js
117 silly gunzTarPerm extractEntry tasks/options/ngAnnotate.js
118 silly gunzTarPerm extractEntry tasks/options/npm-contributors.js
119 silly gunzTarPerm extractEntry tasks/options/parallel.js
120 silly gunzTarPerm extractEntry tasks/options/shell.js
121 silly gunzTarPerm extractEntry tasks/options/uglify.js
122 silly gunzTarPerm extractEntry tasks/options/concat.js
123 silly gunzTarPerm extractEntry tasks/options/watch.js
124 silly gunzTarPerm extractEntry tasks/options/less.js
125 silly gunzTarPerm extractEntry tasks/templates/banner-min.tpl
126 silly gunzTarPerm extractEntry tasks/templates/banner.tpl
127 silly gunzTarPerm extractEntry tasks/templates/wrap-bottom.tpl
128 silly gunzTarPerm extractEntry tasks/templates/wrap-top.tpl
129 silly gunzTarPerm extractEntry src/js/fileReader.service.js
130 silly gunzTarPerm extractEntry src/js/imageWithPreview.directive.js
131 silly gunzTarPerm extractEntry src/less/style.less
132 silly gunzTarPerm extractEntry test/unit/SpecHelper.js
133 silly gunzTarPerm extractEntry test/unit/imageWithPreview.directiveSpec.js
134 silly gunzTarPerm extractEntry test/unit/setupSpec.js
135 silly gentlyRm /Users/liudicia/Documents/beerblog/node_modules/.staging/ng-image-input-with-preview-e555ba25/node_modules is being purged
136 verbose gentlyRm don't care about contents; nuking /Users/liudicia/Documents/beerblog/node_modules/.staging/ng-image-input-with-preview-e555ba25/node_modules
137 silly doParallel preinstall 1
138 silly preinstall ng-image-input-with-preview@0.0.5 /Users/liudicia/Documents/beerblog/node_modules/.staging/ng-image-input-with-preview-e555ba25
139 info lifecycle ng-image-input-with-preview@0.0.5~preinstall: ng-image-input-with-preview@0.0.5
140 silly lifecycle ng-image-input-with-preview@0.0.5~preinstall: no script for preinstall, continuing
141 silly doReverseSerial remove 0
142 silly doSerial move 0
143 silly doSerial finalize 1
144 silly finalize /Users/liudicia/Documents/beerblog/node_modules/ng-image-input-with-preview
145 silly doSerial build 1
146 silly build ng-image-input-with-preview@0.0.5
147 info linkStuff ng-image-input-with-preview@0.0.5
148 silly linkStuff ng-image-input-with-preview@0.0.5 has /Users/liudicia/Documents/beerblog/node_modules as its parent node_modules
149 verbose linkBins ng-image-input-with-preview@0.0.5
150 verbose linkMans ng-image-input-with-preview@0.0.5
151 silly doSerial global-link 0
152 silly doParallel update-linked 0
153 silly doSerial install 1
154 silly install ng-image-input-with-preview@0.0.5 /Users/liudicia/Documents/beerblog/node_modules/.staging/ng-image-input-with-preview-e555ba25
155 info lifecycle ng-image-input-with-preview@0.0.5~install: ng-image-input-with-preview@0.0.5
156 silly lifecycle ng-image-input-with-preview@0.0.5~install: no script for install, continuing
157 silly doSerial postinstall 1
158 silly postinstall ng-image-input-with-preview@0.0.5 /Users/liudicia/Documents/beerblog/node_modules/.staging/ng-image-input-with-preview-e555ba25
159 info lifecycle ng-image-input-with-preview@0.0.5~postinstall: ng-image-input-with-preview@0.0.5
160 verbose lifecycle ng-image-input-with-preview@0.0.5~postinstall: unsafe-perm in lifecycle true
161 verbose lifecycle ng-image-input-with-preview@0.0.5~postinstall: PATH: /usr/local/lib/node_modules/npm/bin/node-gyp-bin:/Users/liudicia/Documents/beerblog/node_modules/ng-image-input-with-preview/node_modules/.bin:/Users/liudicia/Documents/beerblog/node_modules/.bin:/usr/local/bin:/usr/bin:/bin:/usr/sbin:/sbin
162 verbose lifecycle ng-image-input-with-preview@0.0.5~postinstall: CWD: /Users/liudicia/Documents/beerblog/node_modules/ng-image-input-with-preview
163 silly lifecycle ng-image-input-with-preview@0.0.5~postinstall: Args: [ '-c',
163 silly lifecycle   'bower install && ln -sf ./node_modules/grunt-cli/bin/grunt ./grunt && ./grunt build' ]
164 info lifecycle ng-image-input-with-preview@0.0.5~postinstall: Failed to exec postinstall script
165 verbose unlock done using /Users/liudicia/.npm/_locks/staging-0f15f93858b0edc4.lock for /Users/liudicia/Documents/beerblog/node_modules/.staging
166 silly rollbackFailedOptional Starting
167 silly rollbackFailedOptional Finishing
168 silly runTopLevelLifecycles Finishing
169 silly install printInstalled
170 warn enoent ENOENT: no such file or directory, open '/Users/liudicia/Documents/beerblog/package.json'
171 verbose enoent ENOENT: no such file or directory, open '/Users/liudicia/Documents/beerblog/package.json'
171 verbose enoent This is most likely not a problem with npm itself
171 verbose enoent and is related to npm not being able to find a file.
172 warn beerblog No description
173 verbose If you need help, you may report this error at:
173 verbose     <https://github.com/npm/npm/issues>
174 warn beerblog No repository field.
175 verbose If you need help, you may report this error at:
175 verbose     <https://github.com/npm/npm/issues>
176 warn beerblog No README data
177 verbose If you need help, you may report this error at:
177 verbose     <https://github.com/npm/npm/issues>
178 warn beerblog No license field.
179 verbose If you need help, you may report this error at:
179 verbose     <https://github.com/npm/npm/issues>
180 verbose stack Error: ng-image-input-with-preview@0.0.5 postinstall: `bower install && ln -sf ./node_modules/grunt-cli/bin/grunt ./grunt && ./grunt build`
180 verbose stack spawn ENOENT
180 verbose stack     at ChildProcess.<anonymous> (/usr/local/lib/node_modules/npm/lib/utils/spawn.js:33:16)
180 verbose stack     at emitTwo (events.js:106:13)
180 verbose stack     at ChildProcess.emit (events.js:191:7)
180 verbose stack     at maybeClose (internal/child_process.js:885:16)
180 verbose stack     at Process.ChildProcess._handle.onexit (internal/child_process.js:226:5)
181 verbose pkgid ng-image-input-with-preview@0.0.5
182 verbose cwd /Users/liudicia/Documents/beerblog
183 error Darwin 16.6.0
184 error argv "/usr/local/bin/node" "/usr/local/bin/npm" "install" "--save" "ng-image-input-with-preview"
185 error node v7.2.0
186 error npm  v3.10.9
187 error file sh
188 error code ELIFECYCLE
189 error errno ENOENT
190 error syscall spawn
191 error ng-image-input-with-preview@0.0.5 postinstall: `bower install && ln -sf ./node_modules/grunt-cli/bin/grunt ./grunt && ./grunt build`
191 error spawn ENOENT
192 error Failed at the ng-image-input-with-preview@0.0.5 postinstall script 'bower install && ln -sf ./node_modules/grunt-cli/bin/grunt ./grunt && ./grunt build'.
192 error Make sure you have the latest version of node.js and npm installed.
192 error If you do, this is most likely a problem with the ng-image-input-with-preview package,
192 error not with npm itself.
192 error Tell the author that this fails on your system:
192 error     bower install && ln -sf ./node_modules/grunt-cli/bin/grunt ./grunt && ./grunt build
192 error You can get information on how to open an issue for this project with:
192 error     npm bugs ng-image-input-with-preview
192 error Or if that isn't available, you can get their info via:
192 error     npm owner ls ng-image-input-with-preview
192 error There is likely additional logging output above.
193 verbose exit [ 1, true ]
