0 info it worked if it ends with ok
1 verbose cli [ '/usr/local/bin/node',
1 verbose cli   '/usr/local/bin/npm',
1 verbose cli   'install',
1 verbose cli   '--save',
1 verbose cli   'ng-image-input-with-preview' ]
2 info using npm@3.10.9
3 info using node@v7.2.0
4 silly loadCurrentTree Starting
5 silly install loadCurrentTree
6 silly install readLocalPackageData
7 silly fetchPackageMetaData ng-image-input-with-preview
8 silly fetchNamedPackageData ng-image-input-with-preview
9 silly mapToRegistry name ng-image-input-with-preview
10 silly mapToRegistry using default registry
11 silly mapToRegistry registry https://registry.npmjs.org/
12 silly mapToRegistry data Result {
12 silly mapToRegistry   raw: 'ng-image-input-with-preview',
12 silly mapToRegistry   scope: null,
12 silly mapToRegistry   escapedName: 'ng-image-input-with-preview',
12 silly mapToRegistry   name: 'ng-image-input-with-preview',
12 silly mapToRegistry   rawSpec: '',
12 silly mapToRegistry   spec: 'latest',
12 silly mapToRegistry   type: 'tag' }
13 silly mapToRegistry uri https://registry.npmjs.org/ng-image-input-with-preview
14 verbose request uri https://registry.npmjs.org/ng-image-input-with-preview
15 verbose request no auth needed
16 info attempt registry request try #1 at 8:43:35 AM
17 verbose request id ac5d30635b9f7925
18 http request GET https://registry.npmjs.org/ng-image-input-with-preview
19 http 200 https://registry.npmjs.org/ng-image-input-with-preview
20 verbose headers { server: 'nginx/1.10.1',
20 verbose headers   'content-type': 'application/json',
20 verbose headers   'last-modified': 'Sun, 22 Mar 2015 19:46:56 GMT',
20 verbose headers   etag: 'W/"550f1c30-26c2"',
20 verbose headers   'content-encoding': 'gzip',
20 verbose headers   'cache-control': 'max-age=300',
20 verbose headers   'content-length': '2294',
20 verbose headers   'accept-ranges': 'bytes',
20 verbose headers   date: 'Wed, 19 Jul 2017 12:43:35 GMT',
20 verbose headers   via: '1.1 varnish',
20 verbose headers   age: '0',
20 verbose headers   connection: 'keep-alive',
20 verbose headers   'x-served-by': 'cache-ord1744-ORD',
20 verbose headers   'x-cache': 'MISS',
20 verbose headers   'x-cache-hits': '0',
20 verbose headers   'x-timer': 'S1500468216.772534,VS0,VE63',
20 verbose headers   vary: 'Accept-Encoding, Accept' }
21 silly get cb [ 200,
21 silly get   { server: 'nginx/1.10.1',
21 silly get     'content-type': 'application/json',
21 silly get     'last-modified': 'Sun, 22 Mar 2015 19:46:56 GMT',
21 silly get     etag: 'W/"550f1c30-26c2"',
21 silly get     'content-encoding': 'gzip',
21 silly get     'cache-control': 'max-age=300',
21 silly get     'content-length': '2294',
21 silly get     'accept-ranges': 'bytes',
21 silly get     date: 'Wed, 19 Jul 2017 12:43:35 GMT',
21 silly get     via: '1.1 varnish',
21 silly get     age: '0',
21 silly get     connection: 'keep-alive',
21 silly get     'x-served-by': 'cache-ord1744-ORD',
21 silly get     'x-cache': 'MISS',
21 silly get     'x-cache-hits': '0',
21 silly get     'x-timer': 'S1500468216.772534,VS0,VE63',
21 silly get     vary: 'Accept-Encoding, Accept' } ]
22 verbose get saving ng-image-input-with-preview to /Users/liudicia/.npm/registry.npmjs.org/ng-image-input-with-preview/.cache.json
23 verbose correctMkdir /Users/liudicia/.npm correctMkdir not in flight; initializing
24 silly install normalizeTree
25 silly loadCurrentTree Finishing
26 silly loadIdealTree Starting
27 silly install loadIdealTree
28 silly cloneCurrentTree Starting
29 silly install cloneCurrentTreeToIdealTree
30 silly cloneCurrentTree Finishing
31 silly loadShrinkwrap Starting
32 silly install loadShrinkwrap
33 silly loadShrinkwrap Finishing
34 silly loadAllDepsIntoIdealTree Starting
35 silly install loadAllDepsIntoIdealTree
36 silly resolveWithNewModule ng-image-input-with-preview@0.0.5 checking installable status
37 silly cache add args [ 'ng-image-input-with-preview', null ]
38 verbose cache add spec ng-image-input-with-preview
39 silly cache add parsed spec Result {
39 silly cache add   raw: 'ng-image-input-with-preview',
39 silly cache add   scope: null,
39 silly cache add   escapedName: 'ng-image-input-with-preview',
39 silly cache add   name: 'ng-image-input-with-preview',
39 silly cache add   rawSpec: '',
39 silly cache add   spec: 'latest',
39 silly cache add   type: 'tag' }
40 silly addNamed ng-image-input-with-preview@latest
41 verbose addNamed "latest" is being treated as a dist-tag for ng-image-input-with-preview
42 info addNameTag [ 'ng-image-input-with-preview', 'latest' ]
43 silly mapToRegistry name ng-image-input-with-preview
44 silly mapToRegistry using default registry
45 silly mapToRegistry registry https://registry.npmjs.org/
46 silly mapToRegistry data Result {
46 silly mapToRegistry   raw: 'ng-image-input-with-preview',
46 silly mapToRegistry   scope: null,
46 silly mapToRegistry   escapedName: 'ng-image-input-with-preview',
46 silly mapToRegistry   name: 'ng-image-input-with-preview',
46 silly mapToRegistry   rawSpec: '',
46 silly mapToRegistry   spec: 'latest',
46 silly mapToRegistry   type: 'tag' }
47 silly mapToRegistry uri https://registry.npmjs.org/ng-image-input-with-preview
48 verbose addNameTag registry:https://registry.npmjs.org/ng-image-input-with-preview not in flight; fetching
49 verbose get https://registry.npmjs.org/ng-image-input-with-preview not expired, no request
50 silly addNameTag next cb for ng-image-input-with-preview with tag latest
51 silly addNamed ng-image-input-with-preview@0.0.5
52 verbose addNamed "0.0.5" is a plain semver version for ng-image-input-with-preview
53 silly mapToRegistry name ng-image-input-with-preview
54 silly mapToRegistry using default registry
55 silly mapToRegistry registry https://registry.npmjs.org/
56 silly mapToRegistry data Result {
56 silly mapToRegistry   raw: 'ng-image-input-with-preview',
56 silly mapToRegistry   scope: null,
56 silly mapToRegistry   escapedName: 'ng-image-input-with-preview',
56 silly mapToRegistry   name: 'ng-image-input-with-preview',
56 silly mapToRegistry   rawSpec: '',
56 silly mapToRegistry   spec: 'latest',
56 silly mapToRegistry   type: 'tag' }
57 silly mapToRegistry uri https://registry.npmjs.org/ng-image-input-with-preview
58 verbose addRemoteTarball https://registry.npmjs.org/ng-image-input-with-preview/-/ng-image-input-with-preview-0.0.5.tgz not in flight; adding
59 verbose addRemoteTarball [ 'https://registry.npmjs.org/ng-image-input-with-preview/-/ng-image-input-with-preview-0.0.5.tgz',
59 verbose addRemoteTarball   'cdfa02d619f25f4447de4aa6f5d4e3ee8d5a8e34' ]
60 info retry fetch attempt 1 at 8:43:35 AM
61 info attempt registry request try #1 at 8:43:35 AM
62 http fetch GET https://registry.npmjs.org/ng-image-input-with-preview/-/ng-image-input-with-preview-0.0.5.tgz
63 http fetch 200 https://registry.npmjs.org/ng-image-input-with-preview/-/ng-image-input-with-preview-0.0.5.tgz
64 silly fetchAndShaCheck shasum cdfa02d619f25f4447de4aa6f5d4e3ee8d5a8e34
65 verbose addTmpTarball /var/folders/qf/20z3kl2d77b974pbgt9bvz3rxr83wf/T/npm-1634-c6274a8f/registry.npmjs.org/ng-image-input-with-preview/-/ng-image-input-with-preview-0.0.5.tgz not in flight; adding
66 verbose addTmpTarball already have metadata; skipping unpack for ng-image-input-with-preview@0.0.5
67 verbose correctMkdir /Users/liudicia/.npm correctMkdir not in flight; initializing
68 silly cache afterAdd ng-image-input-with-preview@0.0.5
69 verbose afterAdd /Users/liudicia/.npm/ng-image-input-with-preview/0.0.5/package/package.json not in flight; writing
70 verbose correctMkdir /Users/liudicia/.npm correctMkdir not in flight; initializing
71 verbose afterAdd /Users/liudicia/.npm/ng-image-input-with-preview/0.0.5/package/package.json written
72 silly loadAllDepsIntoIdealTree Finishing
73 silly loadIdealTree Finishing
74 silly currentTree beer-blog@0.0.0
74 silly currentTree ├── accepts@1.3.3
74 silly currentTree ├── append-field@0.1.0
74 silly currentTree ├── array-flatten@1.1.1
74 silly currentTree ├── async@2.1.4
74 silly currentTree ├── basic-auth@1.1.0
74 silly currentTree ├── bignumber.js@3.1.2
74 silly currentTree ├── bluebird@2.10.2
74 silly currentTree ├─┬ body-parser@1.17.2
74 silly currentTree │ └── debug@2.6.7
74 silly currentTree ├── bson@1.0.4
74 silly currentTree ├── buffer-shims@1.0.0
74 silly currentTree ├─┬ busboy@0.2.14
74 silly currentTree │ ├── isarray@0.0.1
74 silly currentTree │ ├── readable-stream@1.1.14
74 silly currentTree │ └── string_decoder@0.10.31
74 silly currentTree ├── bytes@2.4.0
74 silly currentTree ├── concat-stream@1.6.0
74 silly currentTree ├── content-disposition@0.5.2
74 silly currentTree ├── content-type@1.0.2
74 silly currentTree ├── cookie-parser@1.4.3
74 silly currentTree ├── cookie-signature@1.0.6
74 silly currentTree ├── cookie@0.3.1
74 silly currentTree ├── core-util-is@1.0.2
74 silly currentTree ├── debug@2.6.8
74 silly currentTree ├── depd@1.1.0
74 silly currentTree ├── destroy@1.0.4
74 silly currentTree ├─┬ dicer@0.2.5
74 silly currentTree │ ├── isarray@0.0.1
74 silly currentTree │ ├── readable-stream@1.1.14
74 silly currentTree │ └── string_decoder@0.10.31
74 silly currentTree ├── ee-first@1.1.1
74 silly currentTree ├── ejs@2.5.6
74 silly currentTree ├── encodeurl@1.0.1
74 silly currentTree ├── es6-promise@3.2.1
74 silly currentTree ├── escape-html@1.0.3
74 silly currentTree ├── etag@1.8.0
74 silly currentTree ├─┬ express@4.15.3
74 silly currentTree │ └── debug@2.6.7
74 silly currentTree ├─┬ finalhandler@1.0.3
74 silly currentTree │ └── debug@2.6.7
74 silly currentTree ├── forwarded@0.1.0
74 silly currentTree ├── fresh@0.5.0
74 silly currentTree ├── fs@0.0.2
74 silly currentTree ├── hooks-fixed@2.0.0
74 silly currentTree ├── http-errors@1.6.1
74 silly currentTree ├── iconv-lite@0.4.15
74 silly currentTree ├── inherits@2.0.3
74 silly currentTree ├── ipaddr.js@1.3.0
74 silly currentTree ├── isarray@1.0.0
74 silly currentTree ├── kareem@1.4.1
74 silly currentTree ├── lodash@4.17.4
74 silly currentTree ├── media-typer@0.3.0
74 silly currentTree ├── merge-descriptors@1.0.1
74 silly currentTree ├── methods@1.1.2
74 silly currentTree ├── mime-db@1.27.0
74 silly currentTree ├── mime-types@2.1.15
74 silly currentTree ├── mime@1.3.4
74 silly currentTree ├── minimist@0.0.8
74 silly currentTree ├── mkdirp@0.5.1
74 silly currentTree ├── mongodb-core@2.1.11
74 silly currentTree ├── mongodb@2.2.27
74 silly currentTree ├── mongoose@4.11.1
74 silly currentTree ├── morgan@1.8.2
74 silly currentTree ├── mpath@0.3.0
74 silly currentTree ├── mpromise@0.5.5
74 silly currentTree ├─┬ mquery@2.3.1
74 silly currentTree │ └── sliced@0.0.5
74 silly currentTree ├── ms@2.0.0
74 silly currentTree ├── multer@1.1.0
74 silly currentTree ├── muri@1.2.1
74 silly currentTree ├─┬ mysql@2.13.0
74 silly currentTree │ ├── isarray@0.0.1
74 silly currentTree │ ├── readable-stream@1.1.14
74 silly currentTree │ └── string_decoder@0.10.31
74 silly currentTree ├── negotiator@0.6.1
74 silly currentTree ├── ng-file-upload@12.2.13
74 silly currentTree ├── node@0.0.0
74 silly currentTree ├── object-assign@3.0.0
74 silly currentTree ├── on-finished@2.3.0
74 silly currentTree ├── on-headers@1.0.1
74 silly currentTree ├── parseurl@1.3.1
74 silly currentTree ├── path-to-regexp@0.1.7
74 silly currentTree ├── process-nextick-args@1.0.7
74 silly currentTree ├── proxy-addr@1.1.4
74 silly currentTree ├── qs@6.4.0
74 silly currentTree ├── range-parser@1.2.0
74 silly currentTree ├── raw-body@2.2.0
74 silly currentTree ├── readable-stream@2.2.7
74 silly currentTree ├── regexp-clone@0.0.1
74 silly currentTree ├── require_optional@1.0.1
74 silly currentTree ├── resolve-from@2.0.0
74 silly currentTree ├── safe-buffer@5.0.1
74 silly currentTree ├── semver@5.3.0
74 silly currentTree ├─┬ send@0.15.3
74 silly currentTree │ └── debug@2.6.7
74 silly currentTree ├── serve-favicon@2.4.3
74 silly currentTree ├── serve-static@1.12.3
74 silly currentTree ├── setprototypeof@1.0.3
74 silly currentTree ├── sliced@1.0.1
74 silly currentTree ├── sqlstring@2.2.0
74 silly currentTree ├── statuses@1.3.1
74 silly currentTree ├── streamsearch@0.1.2
74 silly currentTree ├─┬ string_decoder@1.0.3
74 silly currentTree │ └── safe-buffer@5.1.1
74 silly currentTree ├── type-is@1.6.15
74 silly currentTree ├── typedarray@0.0.6
74 silly currentTree ├── unpipe@1.0.0
74 silly currentTree ├── util-deprecate@1.0.2
74 silly currentTree ├── utils-merge@1.0.0
74 silly currentTree ├── vary@1.1.1
74 silly currentTree └── xtend@4.0.1
75 silly idealTree beer-blog@0.0.0
75 silly idealTree ├── accepts@1.3.3
75 silly idealTree ├── append-field@0.1.0
75 silly idealTree ├── array-flatten@1.1.1
75 silly idealTree ├── async@2.1.4
75 silly idealTree ├── basic-auth@1.1.0
75 silly idealTree ├── bignumber.js@3.1.2
75 silly idealTree ├── bluebird@2.10.2
75 silly idealTree ├─┬ body-parser@1.17.2
75 silly idealTree │ └── debug@2.6.7
75 silly idealTree ├── bson@1.0.4
75 silly idealTree ├── buffer-shims@1.0.0
75 silly idealTree ├─┬ busboy@0.2.14
75 silly idealTree │ ├── isarray@0.0.1
75 silly idealTree │ ├── readable-stream@1.1.14
75 silly idealTree │ └── string_decoder@0.10.31
75 silly idealTree ├── bytes@2.4.0
75 silly idealTree ├── concat-stream@1.6.0
75 silly idealTree ├── content-disposition@0.5.2
75 silly idealTree ├── content-type@1.0.2
75 silly idealTree ├── cookie-parser@1.4.3
75 silly idealTree ├── cookie-signature@1.0.6
75 silly idealTree ├── cookie@0.3.1
75 silly idealTree ├── core-util-is@1.0.2
75 silly idealTree ├── debug@2.6.8
75 silly idealTree ├── depd@1.1.0
75 silly idealTree ├── destroy@1.0.4
75 silly idealTree ├─┬ dicer@0.2.5
75 silly idealTree │ ├── isarray@0.0.1
75 silly idealTree │ ├── readable-stream@1.1.14
75 silly idealTree │ └── string_decoder@0.10.31
75 silly idealTree ├── ee-first@1.1.1
75 silly idealTree ├── ejs@2.5.6
75 silly idealTree ├── encodeurl@1.0.1
75 silly idealTree ├── es6-promise@3.2.1
75 silly idealTree ├── escape-html@1.0.3
75 silly idealTree ├── etag@1.8.0
75 silly idealTree ├─┬ express@4.15.3
75 silly idealTree │ └── debug@2.6.7
75 silly idealTree ├─┬ finalhandler@1.0.3
75 silly idealTree │ └── debug@2.6.7
75 silly idealTree ├── forwarded@0.1.0
75 silly idealTree ├── fresh@0.5.0
75 silly idealTree ├── fs@0.0.2
75 silly idealTree ├── hooks-fixed@2.0.0
75 silly idealTree ├── http-errors@1.6.1
75 silly idealTree ├── iconv-lite@0.4.15
75 silly idealTree ├── inherits@2.0.3
75 silly idealTree ├── ipaddr.js@1.3.0
75 silly idealTree ├── isarray@1.0.0
75 silly idealTree ├── kareem@1.4.1
75 silly idealTree ├── lodash@4.17.4
75 silly idealTree ├── media-typer@0.3.0
75 silly idealTree ├── merge-descriptors@1.0.1
75 silly idealTree ├── methods@1.1.2
75 silly idealTree ├── mime-db@1.27.0
75 silly idealTree ├── mime-types@2.1.15
75 silly idealTree ├── mime@1.3.4
75 silly idealTree ├── minimist@0.0.8
75 silly idealTree ├── mkdirp@0.5.1
75 silly idealTree ├── mongodb-core@2.1.11
75 silly idealTree ├── mongodb@2.2.27
75 silly idealTree ├── mongoose@4.11.1
75 silly idealTree ├── morgan@1.8.2
75 silly idealTree ├── mpath@0.3.0
75 silly idealTree ├── mpromise@0.5.5
75 silly idealTree ├─┬ mquery@2.3.1
75 silly idealTree │ └── sliced@0.0.5
75 silly idealTree ├── ms@2.0.0
75 silly idealTree ├── multer@1.1.0
75 silly idealTree ├── muri@1.2.1
75 silly idealTree ├─┬ mysql@2.13.0
75 silly idealTree │ ├── isarray@0.0.1
75 silly idealTree │ ├── readable-stream@1.1.14
75 silly idealTree │ └── string_decoder@0.10.31
75 silly idealTree ├── negotiator@0.6.1
75 silly idealTree ├── ng-file-upload@12.2.13
75 silly idealTree ├── ng-image-input-with-preview@0.0.5
75 silly idealTree ├── node@0.0.0
75 silly idealTree ├── object-assign@3.0.0
75 silly idealTree ├── on-finished@2.3.0
75 silly idealTree ├── on-headers@1.0.1
75 silly idealTree ├── parseurl@1.3.1
75 silly idealTree ├── path-to-regexp@0.1.7
75 silly idealTree ├── process-nextick-args@1.0.7
75 silly idealTree ├── proxy-addr@1.1.4
75 silly idealTree ├── qs@6.4.0
75 silly idealTree ├── range-parser@1.2.0
75 silly idealTree ├── raw-body@2.2.0
75 silly idealTree ├── readable-stream@2.2.7
75 silly idealTree ├── regexp-clone@0.0.1
75 silly idealTree ├── require_optional@1.0.1
75 silly idealTree ├── resolve-from@2.0.0
75 silly idealTree ├── safe-buffer@5.0.1
75 silly idealTree ├── semver@5.3.0
75 silly idealTree ├─┬ send@0.15.3
75 silly idealTree │ └── debug@2.6.7
75 silly idealTree ├── serve-favicon@2.4.3
75 silly idealTree ├── serve-static@1.12.3
75 silly idealTree ├── setprototypeof@1.0.3
75 silly idealTree ├── sliced@1.0.1
75 silly idealTree ├── sqlstring@2.2.0
75 silly idealTree ├── statuses@1.3.1
75 silly idealTree ├── streamsearch@0.1.2
75 silly idealTree ├─┬ string_decoder@1.0.3
75 silly idealTree │ └── safe-buffer@5.1.1
75 silly idealTree ├── type-is@1.6.15
75 silly idealTree ├── typedarray@0.0.6
75 silly idealTree ├── unpipe@1.0.0
75 silly idealTree ├── util-deprecate@1.0.2
75 silly idealTree ├── utils-merge@1.0.0
75 silly idealTree ├── vary@1.1.1
75 silly idealTree └── xtend@4.0.1
76 silly generateActionsToTake Starting
77 silly install generateActionsToTake
78 silly generateActionsToTake Finishing
79 silly diffTrees action count 1
80 silly diffTrees add ng-image-input-with-preview@0.0.5
81 silly decomposeActions action count 8
82 silly decomposeActions fetch ng-image-input-with-preview@0.0.5
83 silly decomposeActions extract ng-image-input-with-preview@0.0.5
84 silly decomposeActions test ng-image-input-with-preview@0.0.5
85 silly decomposeActions preinstall ng-image-input-with-preview@0.0.5
86 silly decomposeActions build ng-image-input-with-preview@0.0.5
87 silly decomposeActions install ng-image-input-with-preview@0.0.5
88 silly decomposeActions postinstall ng-image-input-with-preview@0.0.5
89 silly decomposeActions finalize ng-image-input-with-preview@0.0.5
90 silly runTopLevelLifecycles Starting
91 silly executeActions Starting
92 silly install executeActions
93 silly doSerial global-install 0
94 silly doParallel fetch 1
95 verbose correctMkdir /Users/liudicia/.npm/_locks correctMkdir not in flight; initializing
96 verbose lock using /Users/liudicia/.npm/_locks/staging-9b0a8e7adc6cfeb9.lock for /Users/liudicia/Documents/beerblog/beer-blog/node_modules/.staging
97 silly doParallel extract 1
98 silly extract ng-image-input-with-preview@0.0.5
99 verbose unbuild node_modules/.staging/ng-image-input-with-preview-fa8874c5
100 silly gentlyRm /Users/liudicia/Documents/beerblog/beer-blog/node_modules/.staging/ng-image-input-with-preview-fa8874c5 is being purged from base /Users/liudicia/Documents/beerblog/beer-blog
101 verbose gentlyRm don't care about contents; nuking /Users/liudicia/Documents/beerblog/beer-blog/node_modules/.staging/ng-image-input-with-preview-fa8874c5
102 verbose tar unpack /Users/liudicia/.npm/ng-image-input-with-preview/0.0.5/package.tgz
103 verbose tar unpacking to /Users/liudicia/Documents/beerblog/beer-blog/node_modules/.staging/ng-image-input-with-preview-fa8874c5
104 silly gentlyRm /Users/liudicia/Documents/beerblog/beer-blog/node_modules/.staging/ng-image-input-with-preview-fa8874c5 is being purged
105 verbose gentlyRm don't care about contents; nuking /Users/liudicia/Documents/beerblog/beer-blog/node_modules/.staging/ng-image-input-with-preview-fa8874c5
106 silly gunzTarPerm modes [ '755', '644' ]
107 silly gunzTarPerm extractEntry package.json
108 silly gunzTarPerm extractEntry .npmignore
109 silly gunzTarPerm extractEntry README.md
110 silly gunzTarPerm extractEntry LICENSE
111 silly gunzTarPerm extractEntry Gruntfile.js
112 silly gunzTarPerm extractEntry .jshintrc
113 silly gunzTarPerm extractEntry bower.json
114 silly gunzTarPerm extractEntry .travis.yml
115 silly gunzTarPerm extractEntry demo/app.js
116 silly gunzTarPerm extractEntry demo/index.html
117 silly gunzTarPerm extractEntry demo/style.less
118 silly gunzTarPerm extractEntry dist/ng-image-input-with-preview.js
119 silly gunzTarPerm extractEntry dist/ng-image-input-with-preview.min.js
120 silly gunzTarPerm extractEntry dist/ng-image-input-with-preview.css
121 silly gunzTarPerm extractEntry dist/ng-image-input-with-preview.min.css
122 silly gunzTarPerm extractEntry tasks/files.js
123 silly gunzTarPerm extractEntry tasks/helpers.js
124 silly gunzTarPerm extractEntry tasks/options/bump.js
125 silly gunzTarPerm extractEntry tasks/options/coveralls.js
126 silly gunzTarPerm extractEntry tasks/options/jshint.js
127 silly gunzTarPerm extractEntry tasks/options/karma.js
128 silly gunzTarPerm extractEntry tasks/options/connect.js
129 silly gunzTarPerm extractEntry tasks/options/ngAnnotate.js
130 silly gunzTarPerm extractEntry tasks/options/npm-contributors.js
131 silly gunzTarPerm extractEntry tasks/options/parallel.js
132 silly gunzTarPerm extractEntry tasks/options/shell.js
133 silly gunzTarPerm extractEntry tasks/options/uglify.js
134 silly gunzTarPerm extractEntry tasks/options/concat.js
135 silly gunzTarPerm extractEntry tasks/options/watch.js
136 silly gunzTarPerm extractEntry tasks/options/less.js
137 silly gunzTarPerm extractEntry tasks/templates/banner-min.tpl
138 silly gunzTarPerm extractEntry tasks/templates/banner.tpl
139 silly gunzTarPerm extractEntry tasks/templates/wrap-bottom.tpl
140 silly gunzTarPerm extractEntry tasks/templates/wrap-top.tpl
141 silly gunzTarPerm extractEntry src/js/fileReader.service.js
142 silly gunzTarPerm extractEntry src/js/imageWithPreview.directive.js
143 silly gunzTarPerm extractEntry src/less/style.less
144 silly gunzTarPerm extractEntry test/unit/SpecHelper.js
145 silly gunzTarPerm extractEntry test/unit/imageWithPreview.directiveSpec.js
146 silly gunzTarPerm extractEntry test/unit/setupSpec.js
147 silly gentlyRm /Users/liudicia/Documents/beerblog/beer-blog/node_modules/.staging/ng-image-input-with-preview-fa8874c5/node_modules is being purged
148 verbose gentlyRm don't care about contents; nuking /Users/liudicia/Documents/beerblog/beer-blog/node_modules/.staging/ng-image-input-with-preview-fa8874c5/node_modules
149 silly doParallel preinstall 1
150 silly preinstall ng-image-input-with-preview@0.0.5 /Users/liudicia/Documents/beerblog/beer-blog/node_modules/.staging/ng-image-input-with-preview-fa8874c5
151 info lifecycle ng-image-input-with-preview@0.0.5~preinstall: ng-image-input-with-preview@0.0.5
152 silly lifecycle ng-image-input-with-preview@0.0.5~preinstall: no script for preinstall, continuing
153 silly doReverseSerial remove 0
154 silly doSerial move 0
155 silly doSerial finalize 1
156 silly finalize /Users/liudicia/Documents/beerblog/beer-blog/node_modules/ng-image-input-with-preview
157 silly doSerial build 1
158 silly build ng-image-input-with-preview@0.0.5
159 info linkStuff ng-image-input-with-preview@0.0.5
160 silly linkStuff ng-image-input-with-preview@0.0.5 has /Users/liudicia/Documents/beerblog/beer-blog/node_modules as its parent node_modules
161 verbose linkBins ng-image-input-with-preview@0.0.5
162 verbose linkMans ng-image-input-with-preview@0.0.5
163 silly doSerial global-link 0
164 silly doParallel update-linked 0
165 silly doSerial install 1
166 silly install ng-image-input-with-preview@0.0.5 /Users/liudicia/Documents/beerblog/beer-blog/node_modules/.staging/ng-image-input-with-preview-fa8874c5
167 info lifecycle ng-image-input-with-preview@0.0.5~install: ng-image-input-with-preview@0.0.5
168 silly lifecycle ng-image-input-with-preview@0.0.5~install: no script for install, continuing
169 silly doSerial postinstall 1
170 silly postinstall ng-image-input-with-preview@0.0.5 /Users/liudicia/Documents/beerblog/beer-blog/node_modules/.staging/ng-image-input-with-preview-fa8874c5
171 info lifecycle ng-image-input-with-preview@0.0.5~postinstall: ng-image-input-with-preview@0.0.5
172 verbose lifecycle ng-image-input-with-preview@0.0.5~postinstall: unsafe-perm in lifecycle true
173 verbose lifecycle ng-image-input-with-preview@0.0.5~postinstall: PATH: /usr/local/lib/node_modules/npm/bin/node-gyp-bin:/Users/liudicia/Documents/beerblog/beer-blog/node_modules/ng-image-input-with-preview/node_modules/.bin:/Users/liudicia/Documents/beerblog/beer-blog/node_modules/.bin:/usr/local/bin:/usr/bin:/bin:/usr/sbin:/sbin
174 verbose lifecycle ng-image-input-with-preview@0.0.5~postinstall: CWD: /Users/liudicia/Documents/beerblog/beer-blog/node_modules/ng-image-input-with-preview
175 silly lifecycle ng-image-input-with-preview@0.0.5~postinstall: Args: [ '-c',
175 silly lifecycle   'bower install && ln -sf ./node_modules/grunt-cli/bin/grunt ./grunt && ./grunt build' ]
176 info lifecycle ng-image-input-with-preview@0.0.5~postinstall: Failed to exec postinstall script
177 verbose unlock done using /Users/liudicia/.npm/_locks/staging-9b0a8e7adc6cfeb9.lock for /Users/liudicia/Documents/beerblog/beer-blog/node_modules/.staging
178 silly rollbackFailedOptional Starting
179 silly rollbackFailedOptional Finishing
180 silly runTopLevelLifecycles Finishing
181 silly install printInstalled
182 verbose stack Error: ng-image-input-with-preview@0.0.5 postinstall: `bower install && ln -sf ./node_modules/grunt-cli/bin/grunt ./grunt && ./grunt build`
182 verbose stack spawn ENOENT
182 verbose stack     at ChildProcess.<anonymous> (/usr/local/lib/node_modules/npm/lib/utils/spawn.js:33:16)
182 verbose stack     at emitTwo (events.js:106:13)
182 verbose stack     at ChildProcess.emit (events.js:191:7)
182 verbose stack     at maybeClose (internal/child_process.js:885:16)
182 verbose stack     at Process.ChildProcess._handle.onexit (internal/child_process.js:226:5)
183 verbose pkgid ng-image-input-with-preview@0.0.5
184 verbose cwd /Users/liudicia/Documents/beerblog/beer-blog
185 error Darwin 16.6.0
186 error argv "/usr/local/bin/node" "/usr/local/bin/npm" "install" "--save" "ng-image-input-with-preview"
187 error node v7.2.0
188 error npm  v3.10.9
189 error file sh
190 error code ELIFECYCLE
191 error errno ENOENT
192 error syscall spawn
193 error ng-image-input-with-preview@0.0.5 postinstall: `bower install && ln -sf ./node_modules/grunt-cli/bin/grunt ./grunt && ./grunt build`
193 error spawn ENOENT
194 error Failed at the ng-image-input-with-preview@0.0.5 postinstall script 'bower install && ln -sf ./node_modules/grunt-cli/bin/grunt ./grunt && ./grunt build'.
194 error Make sure you have the latest version of node.js and npm installed.
194 error If you do, this is most likely a problem with the ng-image-input-with-preview package,
194 error not with npm itself.
194 error Tell the author that this fails on your system:
194 error     bower install && ln -sf ./node_modules/grunt-cli/bin/grunt ./grunt && ./grunt build
194 error You can get information on how to open an issue for this project with:
194 error     npm bugs ng-image-input-with-preview
194 error Or if that isn't available, you can get their info via:
194 error     npm owner ls ng-image-input-with-preview
194 error There is likely additional logging output above.
195 verbose exit [ 1, true ]
